C:\Program Files (x86)\Microsoft Visual Studio\2019\Community\MSBuild\Microsoft\VC\v160\Microsoft.CppBuild.targets(513,5): warning MSB8028: Katalog pośredni (Release\) zawiera pliki udostępnione z innego projektu (Snake2.vcxproj). Może to spowodować niepoprawne zachowanie podczas oczyszczania i ponownej kompilacji.
  Game.cpp
C:\Users\alina\OneDrive\Pulpit\Studia\Semestr 3\Programowanie w C++\Projekt\CyberSnake 2022\Snake2\Game.cpp(74,12): warning C4244: "argument": konwersja z "time_t" do "unsigned int", możliwa utrata danych
  Main.cpp
  Obstacles.cpp
C:\Users\alina\OneDrive\Pulpit\Studia\Semestr 3\Programowanie w C++\Projekt\CyberSnake 2022\Snake2\Obstacles.cpp(18,57): warning C4244: "=": konwersja z "T" do "T", możliwa utrata danych
          with
          [
              T=unsigned int
          ]
          and
          [
              T=float
          ]
C:\Users\alina\OneDrive\Pulpit\Studia\Semestr 3\Programowanie w C++\Projekt\CyberSnake 2022\Snake2\Obstacles.cpp(19,56): warning C4244: "=": konwersja z "T" do "T", możliwa utrata danych
          with
          [
              T=unsigned int
          ]
          and
          [
              T=float
          ]
  Points.cpp
C:\Users\alina\OneDrive\Pulpit\Studia\Semestr 3\Programowanie w C++\Projekt\CyberSnake 2022\Snake2\Points.cpp(43,24): warning C4244: "=": konwersja z "T" do "T", możliwa utrata danych
          with
          [
              T=unsigned int
          ]
          and
          [
              T=float
          ]
C:\Users\alina\OneDrive\Pulpit\Studia\Semestr 3\Programowanie w C++\Projekt\CyberSnake 2022\Snake2\Points.cpp(44,24): warning C4244: "=": konwersja z "T" do "T", możliwa utrata danych
          with
          [
              T=unsigned int
          ]
          and
          [
              T=float
          ]
  Snake.cpp
C:\Users\alina\OneDrive\Pulpit\Studia\Semestr 3\Programowanie w C++\Projekt\CyberSnake 2022\Snake2\Snake.cpp(131,61): warning C4244: "=": konwersja z "T" do "T", możliwa utrata danych
          with
          [
              T=unsigned int
          ]
          and
          [
              T=float
          ]
C:\Users\alina\OneDrive\Pulpit\Studia\Semestr 3\Programowanie w C++\Projekt\CyberSnake 2022\Snake2\Snake.cpp(132,61): warning C4244: "=": konwersja z "T" do "T", możliwa utrata danych
          with
          [
              T=unsigned int
          ]
          and
          [
              T=float
          ]
  Texts.cpp
C:\Users\alina\OneDrive\Pulpit\Studia\Semestr 3\Programowanie w C++\Projekt\CyberSnake 2022\Snake2\Texts.cpp(26,82): warning C4244: "argument": konwersja z "double" do "float", możliwa utrata danych
C:\Users\alina\OneDrive\Pulpit\Studia\Semestr 3\Programowanie w C++\Projekt\CyberSnake 2022\Snake2\Texts.cpp(26,48): warning C4244: "argument": konwersja z "double" do "float", możliwa utrata danych
  Trwa generowanie kodu
C:\Users\alina\OneDrive\Pulpit\Studia\Semestr 3\Programowanie w C++\Projekt\CyberSnake 2022\Snake2\Game.cpp(121): warning C4715: "Game::Open”: niewszystkie ścieżki kodu zwracają wartość
  17 of 316 functions ( 5.4%) were compiled, the rest were copied from previous compilation.
    0 functions were new in current compilation
    1 functions had inline decision re-evaluated but remain unchanged
  Zakończono generowanie kodu
  Snake2.vcxproj -> C:\Users\alina\OneDrive\Pulpit\Studia\Semestr 3\Programowanie w C++\Projekt\CyberSnake 2022\Release\Snake.exe
