C:\Program Files (x86)\Microsoft Visual Studio\2019\Community\MSBuild\Microsoft\VC\v160\Microsoft.CppBuild.targets(513,5): warning MSB8028: Katalog pośredni (Debug\) zawiera pliki udostępnione z innego projektu (Snake2.vcxproj). Może to spowodować niepoprawne zachowanie podczas oczyszczania i ponownej kompilacji.
  Game.cpp
C:\Users\alina\OneDrive\Pulpit\Studia\Semestr 3\Programowanie w C++\Projekt\CyberSnake 2022\Snake2\Game.cpp(63,12): warning C4244: "argument": konwersja z "time_t" do "unsigned int", możliwa utrata danych
  Main.cpp
  Obstacles.cpp
C:\Users\alina\OneDrive\Pulpit\Studia\Semestr 3\Programowanie w C++\Projekt\CyberSnake 2022\Snake2\Obstacles.cpp(18,47): warning C4244: "=": konwersja z "int" do "T", możliwa utrata danych
          with
          [
              T=float
          ]
C:\Users\alina\OneDrive\Pulpit\Studia\Semestr 3\Programowanie w C++\Projekt\CyberSnake 2022\Snake2\Obstacles.cpp(19,47): warning C4244: "=": konwersja z "int" do "T", możliwa utrata danych
          with
          [
              T=float
          ]
  Points.cpp
C:\Users\alina\OneDrive\Pulpit\Studia\Semestr 3\Programowanie w C++\Projekt\CyberSnake 2022\Snake2\Points.cpp(41,24): warning C4244: "=": konwersja z "int" do "T", możliwa utrata danych
          with
          [
              T=float
          ]
C:\Users\alina\OneDrive\Pulpit\Studia\Semestr 3\Programowanie w C++\Projekt\CyberSnake 2022\Snake2\Points.cpp(42,24): warning C4244: "=": konwersja z "int" do "T", możliwa utrata danych
          with
          [
              T=float
          ]
C:\Users\alina\OneDrive\Pulpit\Studia\Semestr 3\Programowanie w C++\Projekt\CyberSnake 2022\Snake2\Points.cpp(185,24): warning C4244: "=": konwersja z "int" do "T", możliwa utrata danych
          with
          [
              T=float
          ]
C:\Users\alina\OneDrive\Pulpit\Studia\Semestr 3\Programowanie w C++\Projekt\CyberSnake 2022\Snake2\Points.cpp(186,24): warning C4244: "=": konwersja z "int" do "T", możliwa utrata danych
          with
          [
              T=float
          ]
  Snake.cpp
C:\Users\alina\OneDrive\Pulpit\Studia\Semestr 3\Programowanie w C++\Projekt\CyberSnake 2022\Snake2\Snake.cpp(157,51): warning C4244: "=": konwersja z "int" do "T", możliwa utrata danych
          with
          [
              T=float
          ]
C:\Users\alina\OneDrive\Pulpit\Studia\Semestr 3\Programowanie w C++\Projekt\CyberSnake 2022\Snake2\Snake.cpp(158,51): warning C4244: "=": konwersja z "int" do "T", możliwa utrata danych
          with
          [
              T=float
          ]
  Texts.cpp
C:\Users\alina\OneDrive\Pulpit\Studia\Semestr 3\Programowanie w C++\Projekt\CyberSnake 2022\Snake2\Texts.cpp(26,62): warning C4244: "argument": konwersja z "double" do "float", możliwa utrata danych
C:\Users\alina\OneDrive\Pulpit\Studia\Semestr 3\Programowanie w C++\Projekt\CyberSnake 2022\Snake2\Texts.cpp(26,38): warning C4244: "argument": konwersja z "double" do "float", możliwa utrata danych
  Generowanie kodu...
C:\Users\alina\OneDrive\Pulpit\Studia\Semestr 3\Programowanie w C++\Projekt\CyberSnake 2022\Snake2\Game.cpp(120): warning C4715: "Game::Open”: niewszystkie ścieżki kodu zwracają wartość
Game.obj : error LNK2001: nierozpoznany symbol zewnętrzny "public: static class sf::RenderStates const sf::RenderStates::Default" (?Default@RenderStates@sf@@2V12@B)
Obstacles.obj : error LNK2001: nierozpoznany symbol zewnętrzny "public: static class sf::Color const sf::Color::Black" (?Black@Color@sf@@2V12@B)
Snake.obj : error LNK2001: nierozpoznany symbol zewnętrzny "public: static class sf::Color const sf::Color::Black" (?Black@Color@sf@@2V12@B)
Obstacles.obj : error LNK2001: nierozpoznany symbol zewnętrzny "public: static class sf::Color const sf::Color::White" (?White@Color@sf@@2V12@B)
Points.obj : error LNK2001: nierozpoznany symbol zewnętrzny "public: static class sf::Color const sf::Color::Green" (?Green@Color@sf@@2V12@B)
Points.obj : error LNK2001: nierozpoznany symbol zewnętrzny "public: static class sf::Color const sf::Color::Yellow" (?Yellow@Color@sf@@2V12@B)
Snake.obj : error LNK2001: nierozpoznany symbol zewnętrzny "public: static class sf::Color const sf::Color::Magenta" (?Magenta@Color@sf@@2V12@B)
Snake.obj : error LNK2001: nierozpoznany symbol zewnętrzny "public: static class sf::Color const sf::Color::Cyan" (?Cyan@Color@sf@@2V12@B)
C:\Users\alina\OneDrive\Pulpit\Studia\Semestr 3\Programowanie w C++\Projekt\CyberSnake 2022\Debug\Snake.exe : fatal error LNK1120: liczba nierozpoznanych elementów zewnętrznych: 7
